- [32mready[39m started server on [::]:3000, url: http://localhost:3000
- [35mevent[39m compiled client and server successfully in 1402 ms (20 modules)
- [36mwait[39m compiling /page (client and server)...
- [35mevent[39m compiled client and server successfully in 2.2s (323 modules)
- [36minfo[39m Loaded env from /Users/albertkashin/Projects/SpainEstates/.env.local
- [36mwait[39m compiling...
- [35mevent[39m compiled client and server successfully in 5.2s (323 modules)
- [36minfo[39m Loaded env from /Users/albertkashin/Projects/SpainEstates/.env.local
- [36mwait[39m compiling...
- [35mevent[39m compiled client and server successfully in 513 ms (323 modules)
- [36minfo[39m Loaded env from /Users/albertkashin/Projects/SpainEstates/.env.local
- [36mwait[39m compiling...
- [35mevent[39m compiled client and server successfully in 166 ms (323 modules)
- [36minfo[39m Loaded env from /Users/albertkashin/Projects/SpainEstates/.env.local
- [36mwait[39m compiling...
- [35mevent[39m compiled client and server successfully in 639 ms (323 modules)
- [36minfo[39m Loaded env from /Users/albertkashin/Projects/SpainEstates/.env.local
- [36mwait[39m compiling...
- [35mevent[39m compiled client and server successfully in 514 ms (323 modules)
[?25h
